Performing C SOURCE FILE Test CMAKE_HAVE_LIBC_PTHREAD failed with the following output:
Change Dir: /home/ubuntu/orb_slam2_code/ORBSLAM2_with_pointcloud_map/ORB_SLAM2_modified/build/CMakeFiles/CMakeTmp

Run Build Command(s):/usr/bin/make -f Makefile cmTC_516ca/fast && /usr/bin/make  -f CMakeFiles/cmTC_516ca.dir/build.make CMakeFiles/cmTC_516ca.dir/build
make[1]: 进入目录“/home/ubuntu/orb_slam2_code/ORBSLAM2_with_pointcloud_map/ORB_SLAM2_modified/build/CMakeFiles/CMakeTmp”
Building C object CMakeFiles/cmTC_516ca.dir/src.c.o
/usr/bin/cc -DCMAKE_HAVE_LIBC_PTHREAD  -Wall  -O3 -march=native   -o CMakeFiles/cmTC_516ca.dir/src.c.o -c /home/ubuntu/orb_slam2_code/ORBSLAM2_with_pointcloud_map/ORB_SLAM2_modified/build/CMakeFiles/CMakeTmp/src.c
Linking C executable cmTC_516ca
/usr/local/bin/cmake -E cmake_link_script CMakeFiles/cmTC_516ca.dir/link.txt --verbose=1
/usr/bin/cc   -Wall  -O3 -march=native   -rdynamic CMakeFiles/cmTC_516ca.dir/src.c.o -o cmTC_516ca 
CMakeFiles/cmTC_516ca.dir/src.c.o：在函数‘main’中：
src.c:(.text.startup+0x23)：对‘pthread_create’未定义的引用
src.c:(.text.startup+0x2c)：对‘pthread_detach’未定义的引用
src.c:(.text.startup+0x35)：对‘pthread_cancel’未定义的引用
src.c:(.text.startup+0x40)：对‘pthread_join’未定义的引用
src.c:(.text.startup+0x4b)：对‘pthread_atfork’未定义的引用
collect2: error: ld returned 1 exit status
CMakeFiles/cmTC_516ca.dir/build.make:98: recipe for target 'cmTC_516ca' failed
make[1]: *** [cmTC_516ca] Error 1
make[1]: 离开目录“/home/ubuntu/orb_slam2_code/ORBSLAM2_with_pointcloud_map/ORB_SLAM2_modified/build/CMakeFiles/CMakeTmp”
Makefile:127: recipe for target 'cmTC_516ca/fast' failed
make: *** [cmTC_516ca/fast] Error 2


Source file was:
#include <pthread.h>

static void* test_func(void* data)
{
  return data;
}

int main(void)
{
  pthread_t thread;
  pthread_create(&thread, NULL, test_func, NULL);
  pthread_detach(thread);
  pthread_cancel(thread);
  pthread_join(thread, NULL);
  pthread_atfork(NULL, NULL, NULL);
  pthread_exit(NULL);

  return 0;
}

Determining if the function pthread_create exists in the pthreads failed with the following output:
Change Dir: /home/ubuntu/orb_slam2_code/ORBSLAM2_with_pointcloud_map/ORB_SLAM2_modified/build/CMakeFiles/CMakeTmp

Run Build Command(s):/usr/bin/make -f Makefile cmTC_75512/fast && /usr/bin/make  -f CMakeFiles/cmTC_75512.dir/build.make CMakeFiles/cmTC_75512.dir/build
make[1]: 进入目录“/home/ubuntu/orb_slam2_code/ORBSLAM2_with_pointcloud_map/ORB_SLAM2_modified/build/CMakeFiles/CMakeTmp”
Building C object CMakeFiles/cmTC_75512.dir/CheckFunctionExists.c.o
/usr/bin/cc   -Wall  -O3 -march=native  -DCHECK_FUNCTION_EXISTS=pthread_create -o CMakeFiles/cmTC_75512.dir/CheckFunctionExists.c.o -c /usr/local/share/cmake-3.20/Modules/CheckFunctionExists.c
Linking C executable cmTC_75512
/usr/local/bin/cmake -E cmake_link_script CMakeFiles/cmTC_75512.dir/link.txt --verbose=1
/usr/bin/cc   -Wall  -O3 -march=native  -DCHECK_FUNCTION_EXISTS=pthread_create -rdynamic CMakeFiles/cmTC_75512.dir/CheckFunctionExists.c.o -o cmTC_75512  -lpthreads 
/usr/bin/ld: 找不到 -lpthreads
collect2: error: ld returned 1 exit status
CMakeFiles/cmTC_75512.dir/build.make:98: recipe for target 'cmTC_75512' failed
make[1]: *** [cmTC_75512] Error 1
make[1]: 离开目录“/home/ubuntu/orb_slam2_code/ORBSLAM2_with_pointcloud_map/ORB_SLAM2_modified/build/CMakeFiles/CMakeTmp”
Makefile:127: recipe for target 'cmTC_75512/fast' failed
make: *** [cmTC_75512/fast] Error 2



